INFO [main] ============================================================
INFO [main]   remuXcode 2.0.0 Starting
INFO [main] ============================================================
INFO [main] Cleaning up orphaned temp directories...
INFO [main] Initializing remuXcode components...
WARNING [config] Environment variable VAR_NAME not set
WARNING [config] Environment variable WEBHOOK_TOKEN not set
WARNING [config] Environment variable DISCORD_WEBHOOK_URL not set
INFO [config] Loaded configuration from /app/config/config.yaml
INFO [job_store] Job store initialized: /app/config/jobs.db
INFO [main] Started 1 job worker(s)
INFO [main] Host: 0.0.0.0:7889
INFO [main] Config: /app/config/config.yaml
INFO [main] Path mappings: 0
INFO [main] All components initialized successfully
INFO [main] remuXcode shut down
INFO [main] ============================================================
INFO [main]   remuXcode 2.0.0 Starting
INFO [main] ============================================================
INFO [main] Cleaning up orphaned temp directories...
INFO [main] Initializing remuXcode components...
WARNING [config] Environment variable VAR_NAME not set
WARNING [config] Environment variable WEBHOOK_TOKEN not set
WARNING [config] Environment variable DISCORD_WEBHOOK_URL not set
INFO [config] Loaded configuration from /app/config/config.yaml
INFO [job_store] Job store initialized: /app/config/jobs.db
INFO [main] Started 1 job worker(s)
INFO [main] Host: 0.0.0.0:7889
INFO [main] Config: /app/config/config.yaml
INFO [main] Path mappings: 0
INFO [main] All components initialized successfully
INFO [main] remuXcode shut down
INFO [main] ============================================================
INFO [main]   remuXcode 2.0.0 Starting
INFO [main] ============================================================
INFO [main] Cleaning up orphaned temp directories...
INFO [main] Initializing remuXcode components...
WARNING [config] Environment variable VAR_NAME not set
WARNING [config] Environment variable WEBHOOK_TOKEN not set
WARNING [config] Environment variable DISCORD_WEBHOOK_URL not set
INFO [config] Loaded configuration from /app/config/config.yaml
INFO [job_store] Job store initialized: /app/config/jobs.db
INFO [main] Started 1 job worker(s)
INFO [main] Host: 0.0.0.0:7889
INFO [main] Config: /app/config/config.yaml
INFO [main] Path mappings: 0
INFO [main] All components initialized successfully
INFO [main] Analyzing 1 series (analyze=True)
INFO [main] Analyzing 1 series (analyze=True)
INFO [main] remuXcode shut down
INFO [main] ============================================================
INFO [main]   remuXcode 2.0.0 Starting
INFO [main] ============================================================
INFO [main] Cleaning up orphaned temp directories...
INFO [main] Initializing remuXcode components...
WARNING [config] Environment variable VAR_NAME not set
WARNING [config] Environment variable WEBHOOK_TOKEN not set
WARNING [config] Environment variable DISCORD_WEBHOOK_URL not set
INFO [config] Loaded configuration from /app/config/config.yaml
INFO [job_store] Job store initialized: /app/config/jobs.db
INFO [main] Started 1 job worker(s)
INFO [main] Host: 0.0.0.0:7889
INFO [main] Config: /app/config/config.yaml
INFO [main] Path mappings: 0
INFO [main] All components initialized successfully
INFO [main] remuXcode shut down
INFO [main] ============================================================
INFO [main]   remuXcode 2.0.0 Starting
INFO [main] ============================================================
INFO [main] Cleaning up orphaned temp directories...
INFO [main] Initializing remuXcode components...
WARNING [config] Environment variable VAR_NAME not set
WARNING [config] Environment variable WEBHOOK_TOKEN not set
WARNING [config] Environment variable DISCORD_WEBHOOK_URL not set
INFO [config] Loaded configuration from /app/config/config.yaml
INFO [job_store] Job store initialized: /app/config/jobs.db
INFO [main] Started 1 job worker(s)
INFO [main] Host: 0.0.0.0:7889
INFO [main] Config: /app/config/config.yaml
INFO [main] Path mappings: 0
INFO [main] All components initialized successfully
INFO [main] remuXcode shut down
INFO [main] ============================================================
INFO [main]   remuXcode 2.0.0 Starting
INFO [main] ============================================================
INFO [main] Cleaning up orphaned temp directories...
INFO [main] Initializing remuXcode components...
WARNING [config] Environment variable VAR_NAME not set
WARNING [config] Environment variable WEBHOOK_TOKEN not set
WARNING [config] Environment variable DISCORD_WEBHOOK_URL not set
INFO [config] Loaded configuration from /app/config/config.yaml
INFO [job_store] Job store initialized: /app/config/jobs.db
INFO [main] Started 1 job worker(s)
INFO [main] Host: 0.0.0.0:7889
INFO [main] Config: /app/config/config.yaml
INFO [main] Path mappings: 0
INFO [main] All components initialized successfully
INFO [main] remuXcode shut down
INFO [main] ============================================================
INFO [main]   remuXcode 2.0.0 Starting
INFO [main] ============================================================
INFO [main] Cleaning up orphaned temp directories...
INFO [main] Initializing remuXcode components...
WARNING [config] Environment variable VAR_NAME not set
WARNING [config] Environment variable WEBHOOK_TOKEN not set
WARNING [config] Environment variable DISCORD_WEBHOOK_URL not set
INFO [config] Loaded configuration from /app/config/config.yaml
INFO [job_store] Job store initialized: /app/config/jobs.db
INFO [main] Started 1 job worker(s)
INFO [main] Host: 0.0.0.0:7889
INFO [main] Config: /app/config/config.yaml
INFO [main] Path mappings: 0
INFO [main] All components initialized successfully
INFO [main] remuXcode shut down
INFO [main] ============================================================
INFO [main]   remuXcode 2.0.0 Starting
INFO [main] ============================================================
INFO [main] Cleaning up orphaned temp directories...
INFO [main] Initializing remuXcode components...
WARNING [config] Environment variable VAR_NAME not set
WARNING [config] Environment variable WEBHOOK_TOKEN not set
WARNING [config] Environment variable DISCORD_WEBHOOK_URL not set
INFO [config] Loaded configuration from /app/config/config.yaml
INFO [job_store] Job store initialized: /app/config/jobs.db
INFO [main] Started 1 job worker(s)
INFO [main] Host: 0.0.0.0:7889
INFO [main] Config: /app/config/config.yaml
INFO [main] Path mappings: 0
INFO [main] All components initialized successfully
INFO [main] remuXcode shut down
INFO [main] ============================================================
INFO [main]   remuXcode 2.0.0 Starting
INFO [main] ============================================================
INFO [main] Cleaning up orphaned temp directories...
INFO [main] Initializing remuXcode components...
WARNING [config] Environment variable VAR_NAME not set
WARNING [config] Environment variable WEBHOOK_TOKEN not set
WARNING [config] Environment variable DISCORD_WEBHOOK_URL not set
INFO [config] Loaded configuration from /app/config/config.yaml
INFO [job_store] Job store initialized: /app/config/jobs.db
INFO [main] Started 1 job worker(s)
INFO [main] Host: 0.0.0.0:7889
INFO [main] Config: /app/config/config.yaml
INFO [main] Path mappings: 0
INFO [main] All components initialized successfully
INFO [main] Queued job 96202c4a1b83: full for Hot Tub Time Machine - Unrated (2010) [imdbid-tt1231587][Bluray-1080p][DTS 5.1][x264]-CtrlHD.mkv
INFO [main] Converting audio: Hot Tub Time Machine - Unrated (2010) [imdbid-tt1231587][Bluray-1080p][DTS 5.1][x264]-CtrlHD.mkv
INFO [audio] Converting 1 audio stream(s) in: Hot Tub Time Machine - Unrated (2010) [imdbid-tt1231587][Bluray-1080p][DTS 5.1][x264]-CtrlHD.mkv
INFO [audio] Converted: /share/Movies/Hot Tub Time Machine (2010)/Hot Tub Time Machine - Unrated (2010) [imdbid-tt1231587][Bluray-1080p][DTS 5.1][x264]-CtrlHD.mkv (12589.6MB → 11964.8MB)
INFO [main] Job 96202c4a1b83 completed successfully
INFO [main] Triggering Radarr refresh/rename for: Hot Tub Time Machine
INFO [main] Triggered Radarr refresh for movie ID 210
INFO [main] Radarr refresh completed
INFO [main] Radarr rename triggered successfully
INFO [main] remuXcode shut down
INFO [main] ============================================================
INFO [main]   remuXcode 2.0.0 Starting
INFO [main] ============================================================
INFO [main] Cleaning up orphaned temp directories...
INFO [main] Initializing remuXcode components...
WARNING [config] Environment variable VAR_NAME not set
WARNING [config] Environment variable WEBHOOK_TOKEN not set
WARNING [config] Environment variable DISCORD_WEBHOOK_URL not set
INFO [config] Loaded configuration from /app/config/config.yaml
INFO [job_store] Job store initialized: /app/config/jobs.db
INFO [main] Started 1 job worker(s)
INFO [main] Host: 0.0.0.0:7889
INFO [main] Config: /app/config/config.yaml
INFO [main] Path mappings: 0
INFO [main] All components initialized successfully
INFO [main] remuXcode shut down
INFO [main] ============================================================
INFO [main]   remuXcode 2.0.0 Starting
INFO [main] ============================================================
INFO [main] Cleaning up orphaned temp directories...
INFO [main] Initializing remuXcode components...
WARNING [config] Environment variable VAR_NAME not set
WARNING [config] Environment variable WEBHOOK_TOKEN not set
WARNING [config] Environment variable DISCORD_WEBHOOK_URL not set
INFO [config] Loaded configuration from /app/config/config.yaml
INFO [job_store] Migrated jobs table: added column job_type
INFO [job_store] Migrated jobs table: added column source
INFO [job_store] Migrated jobs table: added column result_json
INFO [job_store] Job store initialized: /app/config/jobs.db
INFO [main] Started 1 job worker(s)
INFO [main] Loaded 1 finished job(s) from database
INFO [main] Restored 1 finished job(s) from database
INFO [main] Host: 0.0.0.0:7889
INFO [main] Config: /app/config/config.yaml
INFO [main] Path mappings: 0
INFO [main] All components initialized successfully
INFO [main] Queued job ed6bbfac8e39: full for Hulk (2003) [imdbid-tt0286716][Bluray-2160p][HDR10][DTS-X 7.1][x265]-TERMiNAL.mkv
INFO [main] Queued job 6cf278cebd16: full for Indiana Jones and the Dial of Destiny (2023) [imdbid-tt1462764][Bluray-1080p][EN+ZH][DTS 5.1][x264]-WiKi.mkv
INFO [main] Converting audio: Hulk (2003) [imdbid-tt0286716][Bluray-2160p][HDR10][DTS-X 7.1][x265]-TERMiNAL.mkv
INFO [audio] Converting 1 audio stream(s) in: Hulk (2003) [imdbid-tt0286716][Bluray-2160p][HDR10][DTS-X 7.1][x265]-TERMiNAL.mkv
INFO [audio] Converted: /share/Movies/Hulk (2003)/Hulk (2003) [imdbid-tt0286716][Bluray-2160p][HDR10][DTS-X 7.1][x265]-TERMiNAL.mkv (35966.6MB → 31626.7MB)
INFO [main] Cleaning streams: Hulk (2003) [imdbid-tt0286716][Bluray-2160p][HDR10][DTS-X 7.1][x265]-TERMiNAL.mkv
INFO [cleanup] Cleaning Hulk (2003) [imdbid-tt0286716][Bluray-2160p][HDR10][DTS-X 7.1][x265]-TERMiNAL.mkv: keeping 2 audio, 2 subs (original: eng)
INFO [main] remuXcode shut down
INFO [main] ============================================================
INFO [main]   remuXcode 2.0.0 Starting
INFO [main] ============================================================
INFO [main] Cleaning up orphaned temp directories...
INFO [main] Initializing remuXcode components...
WARNING [config] Environment variable VAR_NAME not set
WARNING [config] Environment variable WEBHOOK_TOKEN not set
WARNING [config] Environment variable DISCORD_WEBHOOK_URL not set
INFO [config] Loaded configuration from /app/config/config.yaml
INFO [job_store] Job store initialized: /app/config/jobs.db
INFO [main] Started 1 job worker(s)
INFO [main] Loaded 1 finished job(s) from database
INFO [main] Restored 1 finished job(s) from database
INFO [main] Loaded 2 pending job(s) from database
INFO [main] Resumed 2 pending job(s) from database
INFO [main] Host: 0.0.0.0:7889
INFO [main] Config: /app/config/config.yaml
INFO [main] Path mappings: 0
INFO [main] All components initialized successfully
INFO [main] Converting audio: Indiana Jones and the Dial of Destiny (2023) [imdbid-tt1462764][Bluray-1080p][EN+ZH][DTS 5.1][x264]-WiKi.mkv
INFO [audio] Converting 1 audio stream(s) in: Indiana Jones and the Dial of Destiny (2023) [imdbid-tt1462764][Bluray-1080p][EN+ZH][DTS 5.1][x264]-WiKi.mkv
INFO [audio] Converted: /share/Movies/Indiana Jones and the Dial of Destiny (2023)/Indiana Jones and the Dial of Destiny (2023) [imdbid-tt1462764][Bluray-1080p][EN+ZH][DTS 5.1][x264]-WiKi.mkv (15387.6MB → 14468.3MB)
INFO [main] Cleaning streams: Indiana Jones and the Dial of Destiny (2023) [imdbid-tt1462764][Bluray-1080p][EN+ZH][DTS 5.1][x264]-WiKi.mkv
INFO [cleanup] Cleaning Indiana Jones and the Dial of Destiny (2023) [imdbid-tt1462764][Bluray-1080p][EN+ZH][DTS 5.1][x264]-WiKi.mkv: keeping 1 audio, 1 subs (original: eng)
INFO [main] remuXcode shut down
INFO [main] ============================================================
INFO [main]   remuXcode 2.0.0 Starting
INFO [main] ============================================================
INFO [main] Cleaning up orphaned temp directories...
INFO [main] Initializing remuXcode components...
WARNING [config] Environment variable VAR_NAME not set
WARNING [config] Environment variable WEBHOOK_TOKEN not set
WARNING [config] Environment variable DISCORD_WEBHOOK_URL not set
INFO [config] Loaded configuration from /app/config/config.yaml
INFO [job_store] Job store initialized: /app/config/jobs.db
INFO [main] Started 1 job worker(s)
INFO [main] Loaded 1 finished job(s) from database
INFO [main] Restored 1 finished job(s) from database
INFO [main] Loaded 2 pending job(s) from database
INFO [main] Resumed 2 pending job(s) from database
INFO [main] Host: 0.0.0.0:7889
INFO [main] Config: /app/config/config.yaml
INFO [main] Path mappings: 0
INFO [main] All components initialized successfully
INFO [main] Cleaning streams: Hulk (2003) [imdbid-tt0286716][Bluray-2160p][HDR10][DTS-X 7.1][x265]-TERMiNAL.mkv
INFO [cleanup] Cleaning Hulk (2003) [imdbid-tt0286716][Bluray-2160p][HDR10][DTS-X 7.1][x265]-TERMiNAL.mkv: keeping 2 audio, 2 subs (original: eng)
INFO [cleanup] Cleaned: /share/Movies/Hulk (2003)/Hulk (2003) [imdbid-tt0286716][Bluray-2160p][HDR10][DTS-X 7.1][x265]-TERMiNAL.mkv (removed 0 audio, 9 subs, 31626.7MB → 31528.1MB)
INFO [main] Job ed6bbfac8e39 completed successfully
INFO [main] Triggering Radarr refresh/rename for: Hulk
INFO [main] Triggered Radarr refresh for movie ID 215
INFO [main] Radarr refresh completed
INFO [main] Radarr rename triggered successfully
INFO [main] Cleaning streams: Indiana Jones and the Dial of Destiny (2023) [imdbid-tt1462764][Bluray-1080p][EN+ZH][DTS 5.1][x264]-WiKi.mkv
INFO [cleanup] Cleaning Indiana Jones and the Dial of Destiny (2023) [imdbid-tt1462764][Bluray-1080p][EN+ZH][DTS 5.1][x264]-WiKi.mkv: keeping 1 audio, 1 subs (original: eng)
INFO [cleanup] Cleaned: /share/Movies/Indiana Jones and the Dial of Destiny (2023)/Indiana Jones and the Dial of Destiny (2023) [imdbid-tt1462764][Bluray-1080p][EN+ZH][DTS 5.1][x264]-WiKi.mkv (removed 1 audio, 2 subs, 14468.3MB → 14010.0MB)
INFO [main] Job 6cf278cebd16 completed successfully
INFO [main] Triggering Radarr refresh/rename for: Indiana Jones and the Dial of Destiny
INFO [main] Triggered Radarr refresh for movie ID 223
INFO [main] Radarr refresh completed
INFO [main] Radarr rename triggered successfully
INFO [main] remuXcode shut down
INFO [main] ============================================================
INFO [main]   remuXcode 2.0.0 Starting
INFO [main] ============================================================
INFO [main] Cleaning up orphaned temp directories...
INFO [main] Initializing remuXcode components...
WARNING [config] Environment variable VAR_NAME not set
WARNING [config] Environment variable WEBHOOK_TOKEN not set
WARNING [config] Environment variable DISCORD_WEBHOOK_URL not set
INFO [config] Loaded configuration from /app/config/config.yaml
INFO [job_store] Job store initialized: /app/config/jobs.db
INFO [main] Started 1 job worker(s)
INFO [main] Loaded 3 finished job(s) from database
INFO [main] Restored 3 finished job(s) from database
INFO [main] Host: 0.0.0.0:7889
INFO [main] Config: /app/config/config.yaml
INFO [main] Path mappings: 0
INFO [main] All components initialized successfully
INFO [main] Queued job c56953d50c23: full for Jason Bourne (2016) [imdbid-tt4196776][Bluray-1080p][EN+ES+FR][AAC 7.1][h265]-d3g.mkv
INFO [main] Queued job 911ef65f6dfb: full for Jumanji - Welcome to the Jungle (2017) [imdbid-tt2283362][Bluray-1080p][x264 DTS-HD MA][5.1]-LEGi0N.mkv
INFO [main] Converting audio: Jason Bourne (2016) [imdbid-tt4196776][Bluray-1080p][EN+ES+FR][AAC 7.1][h265]-d3g.mkv
INFO [audio] Converting 1 audio stream(s) in: Jason Bourne (2016) [imdbid-tt4196776][Bluray-1080p][EN+ES+FR][AAC 7.1][h265]-d3g.mkv
INFO [audio] Converted: /share/Movies/Jason Bourne (2016)/Jason Bourne (2016) [imdbid-tt4196776][Bluray-1080p][EN+ES+FR][AAC 7.1][h265]-d3g.mkv (13118.3MB → 6945.8MB)
INFO [main] Cleaning streams: Jason Bourne (2016) [imdbid-tt4196776][Bluray-1080p][EN+ES+FR][AAC 7.1][h265]-d3g.mkv
INFO [cleanup] Cleaning Jason Bourne (2016) [imdbid-tt4196776][Bluray-1080p][EN+ES+FR][AAC 7.1][h265]-d3g.mkv: keeping 2 audio, 1 subs (original: eng)
INFO [main] remuXcode shut down
INFO [main] ============================================================
INFO [main]   remuXcode 2.0.0 Starting
INFO [main] ============================================================
INFO [main] Cleaning up orphaned temp directories...
INFO [main] Initializing remuXcode components...
WARNING [config] Environment variable VAR_NAME not set
WARNING [config] Environment variable WEBHOOK_TOKEN not set
WARNING [config] Environment variable DISCORD_WEBHOOK_URL not set
INFO [config] Loaded configuration from /app/config/config.yaml
INFO [job_store] Job store initialized: /app/config/jobs.db
INFO [main] Started 1 job worker(s)
INFO [main] Loaded 3 finished job(s) from database
INFO [main] Restored 3 finished job(s) from database
INFO [main] Loaded 2 pending job(s) from database
INFO [main] Resumed 2 pending job(s) from database
INFO [main] Host: 0.0.0.0:7889
INFO [main] Config: /app/config/config.yaml
INFO [main] Path mappings: 0
INFO [main] All components initialized successfully
INFO [main] Converting audio: Jumanji - Welcome to the Jungle (2017) [imdbid-tt2283362][Bluray-1080p][x264 DTS-HD MA][5.1]-LEGi0N.mkv
INFO [audio] Converting 1 audio stream(s) in: Jumanji - Welcome to the Jungle (2017) [imdbid-tt2283362][Bluray-1080p][x264 DTS-HD MA][5.1]-LEGi0N.mkv
INFO [audio] Converted: /share-exp/Movies/Standard/Jumanji - Welcome to the Jungle (2017)/Jumanji - Welcome to the Jungle (2017) [imdbid-tt2283362][Bluray-1080p][x264 DTS-HD MA][5.1]-LEGi0N.mkv (14797.4MB → 13462.0MB)
INFO [main] Cleaning streams: Jumanji - Welcome to the Jungle (2017) [imdbid-tt2283362][Bluray-1080p][x264 DTS-HD MA][5.1]-LEGi0N.mkv
INFO [cleanup] Cleaning Jumanji - Welcome to the Jungle (2017) [imdbid-tt2283362][Bluray-1080p][x264 DTS-HD MA][5.1]-LEGi0N.mkv: keeping 1 audio, 2 subs (original: eng)
INFO [main] remuXcode shut down
INFO [main] ============================================================
INFO [main]   remuXcode 2.0.0 Starting
INFO [main] ============================================================
INFO [main] Cleaning up orphaned temp directories...
INFO [main] Initializing remuXcode components...
WARNING [config] Environment variable VAR_NAME not set
WARNING [config] Environment variable WEBHOOK_TOKEN not set
WARNING [config] Environment variable DISCORD_WEBHOOK_URL not set
INFO [config] Loaded configuration from /app/config/config.yaml
INFO [job_store] Job store initialized: /app/config/jobs.db
INFO [main] Started 1 job worker(s)
INFO [main] Loaded 3 finished job(s) from database
INFO [main] Restored 3 finished job(s) from database
INFO [main] Loaded 2 pending job(s) from database
INFO [main] Resumed 2 pending job(s) from database
INFO [main] Host: 0.0.0.0:7889
INFO [main] Config: /app/config/config.yaml
INFO [main] Path mappings: 0
INFO [main] All components initialized successfully
INFO [main] Cleaning streams: Jason Bourne (2016) [imdbid-tt4196776][Bluray-1080p][EN+ES+FR][AAC 7.1][h265]-d3g.mkv
INFO [cleanup] Cleaning Jason Bourne (2016) [imdbid-tt4196776][Bluray-1080p][EN+ES+FR][AAC 7.1][h265]-d3g.mkv: keeping 2 audio, 1 subs (original: eng)
INFO [cleanup] Cleaned: /share/Movies/Jason Bourne (2016)/Jason Bourne (2016) [imdbid-tt4196776][Bluray-1080p][EN+ES+FR][AAC 7.1][h265]-d3g.mkv (removed 2 audio, 2 subs, 6945.8MB → 5803.6MB)
INFO [main] Job c56953d50c23 completed successfully
INFO [main] Triggering Radarr refresh/rename for: Jason Bourne
INFO [main] Triggered Radarr refresh for movie ID 230
INFO [main] Radarr refresh completed
INFO [main] Radarr rename triggered successfully
INFO [main] Cleaning streams: Jumanji - Welcome to the Jungle (2017) [imdbid-tt2283362][Bluray-1080p][x264 DTS-HD MA][5.1]-LEGi0N.mkv
INFO [cleanup] Cleaning Jumanji - Welcome to the Jungle (2017) [imdbid-tt2283362][Bluray-1080p][x264 DTS-HD MA][5.1]-LEGi0N.mkv: keeping 1 audio, 2 subs (original: eng)
INFO [cleanup] Cleaned: /share-exp/Movies/Standard/Jumanji - Welcome to the Jungle (2017)/Jumanji - Welcome to the Jungle (2017) [imdbid-tt2283362][Bluray-1080p][x264 DTS-HD MA][5.1]-LEGi0N.mkv (removed 0 audio, 3 subs, 13462.0MB → 13386.6MB)
INFO [main] Job 911ef65f6dfb completed successfully
INFO [main] Triggering Radarr refresh/rename for: Jumanji: Welcome to the Jungle
INFO [main] Triggered Radarr refresh for movie ID 239
INFO [main] Radarr refresh completed
INFO [main] Radarr rename triggered successfully
INFO [main] remuXcode shut down
INFO [main] ============================================================
INFO [main]   remuXcode 2.0.0 Starting
INFO [main] ============================================================
INFO [main] Cleaning up orphaned temp directories...
INFO [main] Initializing remuXcode components...
WARNING [config] Environment variable VAR_NAME not set
WARNING [config] Environment variable WEBHOOK_TOKEN not set
WARNING [config] Environment variable DISCORD_WEBHOOK_URL not set
INFO [config] Loaded configuration from /app/config/config.yaml
INFO [job_store] Job store initialized: /app/config/jobs.db
INFO [main] Started 1 job worker(s)
INFO [main] Loaded 5 finished job(s) from database
INFO [main] Restored 5 finished job(s) from database
INFO [main] Host: 0.0.0.0:7889
INFO [main] Config: /app/config/config.yaml
INFO [main] Path mappings: 0
INFO [main] All components initialized successfully
